# JRE version: OpenJDK Runtime Environment (8.0_302-b08) (build 1.8.0_302-b08)
# Java VM: OpenJDK 64-Bit Server VM (25.302-b08 mixed mode windows-amd64 compressed oops)
Heap:
 PSYoungGen      total 234496K, used 47345K [0x000000076b580000, 0x000000077a800000, 0x00000007c0000000)
  eden space 230400K, 20% used [0x000000076b580000,0x000000076e3bc628,0x0000000779680000)
  from space 4096K, 0% used [0x000000077a400000,0x000000077a400000,0x000000077a800000)
  to   space 8704K, 0% used [0x0000000779700000,0x0000000779700000,0x0000000779f80000)
 ParOldGen       total 82432K, used 9362K [0x00000006c2000000, 0x00000006c7080000, 0x000000076b580000)
  object space 82432K, 11% used [0x00000006c2000000,0x00000006c29248a0,0x00000006c7080000)
 Metaspace       used 29550K, capacity 31172K, committed 31484K, reserved 1079296K
  class space    used 3893K, capacity 4226K, committed 4352K, reserved 1048576K
GC Heap History (10 events):
Event: 1.039 GC heap before
{Heap before GC invocations=6 (full 0):
 PSYoungGen      total 140800K, used 13332K [0x000000076b580000, 0x0000000774980000, 0x00000007c0000000)
  eden space 130048K, 4% used [0x000000076b580000,0x000000076bb90488,0x0000000773480000)
  from space 10752K, 66% used [0x0000000773480000,0x0000000773b74b90,0x0000000773f00000)
  to   space 10752K, 0% used [0x0000000773f00000,0x0000000773f00000,0x0000000774980000)
 ParOldGen       total 173568K, used 56K [0x00000006c2000000, 0x00000006cc980000, 0x000000076b580000)
  object space 173568K, 0% used [0x00000006c2000000,0x00000006c200e000,0x00000006cc980000)
 Metaspace       used 20496K, capacity 21456K, committed 21628K, reserved 1069056K
  class space    used 2661K, capacity 2870K, committed 2944K, reserved 1048576K
Event: 1.042 GC heap after
Heap after GC invocations=6 (full 0):
 PSYoungGen      total 140800K, used 6992K [0x000000076b580000, 0x0000000774980000, 0x00000007c0000000)
  eden space 130048K, 0% used [0x000000076b580000,0x000000076b580000,0x0000000773480000)
  from space 10752K, 65% used [0x0000000773f00000,0x00000007745d4060,0x0000000774980000)
  to   space 10752K, 0% used [0x0000000773480000,0x0000000773480000,0x0000000773f00000)
 ParOldGen       total 173568K, used 64K [0x00000006c2000000, 0x00000006cc980000, 0x000000076b580000)
  object space 173568K, 0% used [0x00000006c2000000,0x00000006c2010000,0x00000006cc980000)
 Metaspace       used 20496K, capacity 21456K, committed 21628K, reserved 1069056K
  class space    used 2661K, capacity 2870K, committed 2944K, reserved 1048576K
}
Event: 1.042 GC heap before
{Heap before GC invocations=7 (full 1):
 PSYoungGen      total 140800K, used 6992K [0x000000076b580000, 0x0000000774980000, 0x00000007c0000000)
  eden space 130048K, 0% used [0x000000076b580000,0x000000076b580000,0x0000000773480000)
  from space 10752K, 65% used [0x0000000773f00000,0x00000007745d4060,0x0000000774980000)
  to   space 10752K, 0% used [0x0000000773480000,0x0000000773480000,0x0000000773f00000)
 ParOldGen       total 173568K, used 64K [0x00000006c2000000, 0x00000006cc980000, 0x000000076b580000)
  object space 173568K, 0% used [0x00000006c2000000,0x00000006c2010000,0x00000006cc980000)
 Metaspace       used 20496K, capacity 21456K, committed 21628K, reserved 1069056K
  class space    used 2661K, capacity 2870K, committed 2944K, reserved 1048576K
Event: 1.061 GC heap after
Heap after GC invocations=7 (full 1):
 PSYoungGen      total 140800K, used 0K [0x000000076b580000, 0x0000000774980000, 0x00000007c0000000)
  eden space 130048K, 0% used [0x000000076b580000,0x000000076b580000,0x0000000773480000)
  from space 10752K, 0% used [0x0000000773f00000,0x0000000773f00000,0x0000000774980000)
  to   space 10752K, 0% used [0x0000000773480000,0x0000000773480000,0x0000000773f00000)
 ParOldGen       total 82432K, used 6696K [0x00000006c2000000, 0x00000006c7080000, 0x000000076b580000)
  object space 82432K, 8% used [0x00000006c2000000,0x00000006c268a3e8,0x00000006c7080000)
 Metaspace       used 20496K, capacity 21456K, committed 21628K, reserved 1069056K
  class space    used 2661K, capacity 2870K, committed 2944K, reserved 1048576K
}
Event: 1.379 GC heap before
{Heap before GC invocations=8 (full 1):
 PSYoungGen      total 140800K, used 130048K [0x000000076b580000, 0x0000000774980000, 0x00000007c0000000)
  eden space 130048K, 100% used [0x000000076b580000,0x0000000773480000,0x0000000773480000)
  from space 10752K, 0% used [0x0000000773f00000,0x0000000773f00000,0x0000000774980000)
  to   space 10752K, 0% used [0x0000000773480000,0x0000000773480000,0x0000000773f00000)
 ParOldGen       total 82432K, used 6696K [0x00000006c2000000, 0x00000006c7080000, 0x000000076b580000)
  object space 82432K, 8% used [0x00000006c2000000,0x00000006c268a3e8,0x00000006c7080000)
 Metaspace       used 26000K, capacity 27378K, committed 27516K, reserved 1073152K
  class space    used 3395K, capacity 3703K, committed 3712K, reserved 1048576K
Event: 1.381 GC heap after
Heap after GC invocations=8 (full 1):
 PSYoungGen      total 140800K, used 3188K [0x000000076b580000, 0x000000077ac80000, 0x00000007c0000000)
  eden space 130048K, 0% used [0x000000076b580000,0x000000076b580000,0x0000000773480000)
  from space 10752K, 29% used [0x0000000773480000,0x000000077379d040,0x0000000773f00000)
  to   space 8704K, 0% used [0x000000077a400000,0x000000077a400000,0x000000077ac80000)
 ParOldGen       total 82432K, used 6704K [0x00000006c2000000, 0x00000006c7080000, 0x000000076b580000)
  object space 82432K, 8% used [0x00000006c2000000,0x00000006c268c3e8,0x00000006c7080000)
 Metaspace       used 26000K, capacity 27378K, committed 27516K, reserved 1073152K
  class space    used 3395K, capacity 3703K, committed 3712K, reserved 1048576K
}
Event: 1.526 GC heap before
{Heap before GC invocations=9 (full 1):
 PSYoungGen      total 140800K, used 39757K [0x000000076b580000, 0x000000077ac80000, 0x00000007c0000000)
  eden space 130048K, 28% used [0x000000076b580000,0x000000076d936788,0x0000000773480000)
  from space 10752K, 29% used [0x0000000773480000,0x000000077379d040,0x0000000773f00000)
  to   space 8704K, 0% used [0x000000077a400000,0x000000077a400000,0x000000077ac80000)
 ParOldGen       total 82432K, used 6704K [0x00000006c2000000, 0x00000006c7080000, 0x000000076b580000)
  object space 82432K, 8% used [0x00000006c2000000,0x00000006c268c3e8,0x00000006c7080000)
 Metaspace       used 27261K, capacity 28674K, committed 28796K, reserved 1079296K
  class space    used 3578K, capacity 3893K, committed 3968K, reserved 1048576K
Event: 1.528 GC heap after
Heap after GC invocations=9 (full 1):
 PSYoungGen      total 234496K, used 3892K [0x000000076b580000, 0x000000077a800000, 0x00000007c0000000)
  eden space 230400K, 0% used [0x000000076b580000,0x000000076b580000,0x0000000779680000)
  from space 4096K, 95% used [0x000000077a400000,0x000000077a7cd118,0x000000077a800000)
  to   space 8704K, 0% used [0x0000000779700000,0x0000000779700000,0x0000000779f80000)
 ParOldGen       total 82432K, used 6712K [0x00000006c2000000, 0x00000006c7080000, 0x000000076b580000)
  object space 82432K, 8% used [0x00000006c2000000,0x00000006c268e3e8,0x00000006c7080000)
 Metaspace       used 27261K, capacity 28674K, committed 28796K, reserved 1079296K
  class space    used 3578K, capacity 3893K, committed 3968K, reserved 1048576K
}
Event: 1.528 GC heap before
{Heap before GC invocations=10 (full 2):
 PSYoungGen      total 234496K, used 3892K [0x000000076b580000, 0x000000077a800000, 0x00000007c0000000)
  eden space 230400K, 0% used [0x000000076b580000,0x000000076b580000,0x0000000779680000)
  from space 4096K, 95% used [0x000000077a400000,0x000000077a7cd118,0x000000077a800000)
  to   space 8704K, 0% used [0x0000000779700000,0x0000000779700000,0x0000000779f80000)
 ParOldGen       total 82432K, used 6712K [0x00000006c2000000, 0x00000006c7080000, 0x000000076b580000)
  object space 82432K, 8% used [0x00000006c2000000,0x00000006c268e3e8,0x00000006c7080000)
 Metaspace       used 27261K, capacity 28674K, committed 28796K, reserved 1079296K
  class space    used 3578K, capacity 3893K, committed 3968K, reserved 1048576K
Event: 1.571 GC heap after
Heap after GC invocations=10 (full 2):
 PSYoungGen      total 234496K, used 0K [0x000000076b580000, 0x000000077a800000, 0x00000007c0000000)
  eden space 230400K, 0% used [0x000000076b580000,0x000000076b580000,0x0000000779680000)
  from space 4096K, 0% used [0x000000077a400000,0x000000077a400000,0x000000077a800000)
  to   space 8704K, 0% used [0x0000000779700000,0x0000000779700000,0x0000000779f80000)
 ParOldGen       total 82432K, used 9362K [0x00000006c2000000, 0x00000006c7080000, 0x000000076b580000)
  object space 82432K, 11% used [0x00000006c2000000,0x00000006c29248a0,0x00000006c7080000)
 Metaspace       used 27261K, capacity 28674K, committed 28796K, reserved 1077248K
  class space    used 3578K, capacity 3893K, committed 3968K, reserved 1048576K
}

